<?xml version="1.0" encoding="UTF-8"?>
<!-- Generated by org.testng.reporters.JUnitReportReporter -->
<testsuite skipped="0" hostname="DESKTOP-61HTPJQ" name="com.qa.amazon.Cart" tests="1" failures="0" timestamp="07 May 2019 16:26:53 GMT" time="14.050" errors="0">
  <testcase name="invokeBrowser" time="14.050" classname="com.qa.amazon.Cart"/>
</testsuite> <!-- com.qa.amazon.Cart -->
